<?xml version="1.0" encoding="UTF-8"?>
<!-- Generated by org.testng.reporters.JUnitReportReporter -->
<testsuite skipped="3" hostname="WIN-ORVHKF8KNMN" name="in.automationtesting.practice.homepagetests.HomePageTests" tests="4" failures="0" timestamp="2020-09-22T10:58:48 EEST" time="38.189" errors="0">
  <testcase name="arrivalReviewTest" time="38.189" classname="in.automationtesting.practice.homepagetests.HomePageTests"/>
  <system-out/>
  <testcase name="imageInArrivalNavigateTest" classname="in.automationtesting.practice.homepagetests.HomePageTests">
    <skipped/>
  </testcase> <!-- imageInArrivalNavigateTest -->
  <system-out/>
  <testcase name="arrivalDescriptionTest" classname="in.automationtesting.practice.homepagetests.HomePageTests">
    <skipped/>
  </testcase> <!-- arrivalDescriptionTest -->
  <system-out/>
  <testcase name="arrivalCountTest" classname="in.automationtesting.practice.homepagetests.HomePageTests">
    <skipped/>
  </testcase> <!-- arrivalCountTest -->
  <system-out/>
</testsuite> <!-- in.automationtesting.practice.homepagetests.HomePageTests -->
