<?xml version="1.0" encoding="UTF-8"?>
<!-- Generated by org.testng.reporters.JUnitReportReporter -->
<testsuite skipped="0" hostname="WIN-ORVHKF8KNMN" name="in.automationtesting.practice.HomePage" tests="1" failures="0" timestamp="2020-09-18T17:50:18 EEST" time="22.648" errors="0">
  <testcase name="homePage" time="22.648" classname="in.automationtesting.practice.HomePage"/>
  <system-out/>
</testsuite> <!-- in.automationtesting.practice.HomePage -->
